Run 1/1
Running simulation 'scenario_ClusterBasedRouter_area-9000, 5500_rng-1'
------------START CONNECTION UP: -----------------
MEETING NODES: n1 r3 simTime: 1.0
------------END CONNECTION UP: -----------------
------------START CONNECTION UP: -----------------
MEETING NODES: n0 r4 simTime: 3.0
------------END CONNECTION UP: -----------------
-------------------------START: MEETING EVENT ------------------------

SimTime: 6.0 SlotTime: 100.0
MEETING EVENT: Nodes n0  -  r4
Meeting with Responder : Initiator n0    0
---------------------------END: MEETING EVENT ---------------------------

------------START CONNECTION UP: -----------------
MEETING NODES: r4 r3 simTime: 6.0
------------END CONNECTION UP: -----------------
-------------------------START: MEETING EVENT ------------------------

SimTime: 6.0 SlotTime: 100.0
MEETING EVENT: Nodes n1  -  r3
Meeting with Responder : Initiator n1    0
---------------------------END: MEETING EVENT ---------------------------

-------------------------START: MEETING EVENT ------------------------

SimTime: 8.0 SlotTime: 100.0
MEETING EVENT: Nodes r4  -  r3
---------------------------END: MEETING EVENT ---------------------------

------------START CONNECTION UP: -----------------
MEETING NODES: n0 r3 simTime: 11.0
------------END CONNECTION UP: -----------------
------------START CONNECTION UP: -----------------
MEETING NODES: r4 n2 simTime: 12.0
------------END CONNECTION UP: -----------------
-------------------------START: MEETING EVENT ------------------------

SimTime: 14.0 SlotTime: 100.0
MEETING EVENT: Nodes n0  -  r3
Meeting with Responder : Initiator n0    1
---------------------------END: MEETING EVENT ---------------------------

-------------------------START: MEETING EVENT ------------------------

SimTime: 15.0 SlotTime: 100.0
MEETING EVENT: Nodes r4  -  n2
Meeting with Responder : Other Node n2    0
---------------------------END: MEETING EVENT ---------------------------

------------START CONNECTION UP: -----------------
MEETING NODES: n0 n2 simTime: 18.0
------------END CONNECTION UP: -----------------
------------START CONNECTION UP: -----------------
MEETING NODES: n2 n1 simTime: 19.0
------------END CONNECTION UP: -----------------
------------START CONNECTION UP: -----------------
MEETING NODES: n0 n1 simTime: 19.0
------------END CONNECTION UP: -----------------
------------START CONNECTION UP: -----------------
MEETING NODES: r3 n2 simTime: 22.0
------------END CONNECTION UP: -----------------
-------------------------START: MEETING EVENT ------------------------

SimTime: 22.0 SlotTime: 100.0
MEETING EVENT: Nodes n0  -  n1
CONTACT DURATION IS: n0  n1 = 3.0
Exemplar table at: n0

Id :  X_ID:   cF:     wf:   T  cFreq cDur
n1    n1     0.0     1.0    0   1     3.0



Exemplar table at: n1

Id :  X_ID:   cF:     wf:   T  cFreq cDur
n0    n0     0.0     1.0    0   1     3.0



---------------------------END: MEETING EVENT ---------------------------

------------START CONNECTION UP: -----------------
MEETING NODES: n1 r4 simTime: 22.0
------------END CONNECTION UP: -----------------
-------------------------START: MEETING EVENT ------------------------

SimTime: 23.0 SlotTime: 100.0
MEETING EVENT: Nodes n0  -  n2
CONTACT DURATION IS: n0  n2 = 20.0
Exemplar table at: n0

Id :  X_ID:   cF:     wf:   T  cFreq cDur
n1    n1     0.0     1.0    0   1     3.0
n2    n2     0.0     1.0    0   1     20.0



Exemplar table at: n2

Id :  X_ID:   cF:     wf:   T  cFreq cDur
n0    n0     0.0     1.0    0   1     1.0



---------------------------END: MEETING EVENT ---------------------------

-------------------------START: MEETING EVENT ------------------------

SimTime: 23.0 SlotTime: 100.0
MEETING EVENT: Nodes n2  -  n1
CONTACT DURATION IS: n2  n1 = 22.0
Exemplar table at: n2

Id :  X_ID:   cF:     wf:   T  cFreq cDur
n1    n1     0.0     1.0    0   1     22.0
n0    n0     0.0     1.0    0   1     1.0



Exemplar table at: n1

Id :  X_ID:   cF:     wf:   T  cFreq cDur
n0    n0     0.0     1.0    0   1     3.0
n2    n2     0.0     1.0    0   1     1.0



---------------------------END: MEETING EVENT ---------------------------

-------------------------START: MEETING EVENT ------------------------

SimTime: 24.0 SlotTime: 100.0
MEETING EVENT: Nodes n1  -  r4
Meeting with Responder : Initiator n1    1
---------------------------END: MEETING EVENT ---------------------------

------------START CONNECTION UP: -----------------
MEETING NODES: n2 r4 simTime: 24.0
------------END CONNECTION UP: -----------------
------------START CONNECTION UP: -----------------
MEETING NODES: r3 r4 simTime: 24.0
------------END CONNECTION UP: -----------------
-------------------------START: MEETING EVENT ------------------------

SimTime: 26.0 SlotTime: 100.0
MEETING EVENT: Nodes r3  -  n2
Meeting with Responder : Other Node n2    0
---------------------------END: MEETING EVENT ---------------------------

-------------------------START: MEETING EVENT ------------------------

SimTime: 27.0 SlotTime: 100.0
MEETING EVENT: Nodes r3  -  r4
---------------------------END: MEETING EVENT ---------------------------

------------START CONNECTION UP: -----------------
MEETING NODES: n1 r3 simTime: 29.0
------------END CONNECTION UP: -----------------
------------START CONNECTION UP: -----------------
MEETING NODES: r3 n0 simTime: 39.0
------------END CONNECTION UP: -----------------
-------------------------START: MEETING EVENT ------------------------

SimTime: 40.0 SlotTime: 100.0
MEETING EVENT: Nodes n1  -  r3
Meeting with Responder : Initiator n1    2
---------------------------END: MEETING EVENT ---------------------------

------------START CONNECTION UP: -----------------
MEETING NODES: n1 n0 simTime: 40.0
------------END CONNECTION UP: -----------------
-------------------------START: MEETING EVENT ------------------------

SimTime: 41.0 SlotTime: 100.0
MEETING EVENT: Nodes r3  -  n0
Meeting with Responder : Other Node n0    0
---------------------------END: MEETING EVENT ---------------------------

-------------------------START: MEETING EVENT ------------------------

SimTime: 43.0 SlotTime: 100.0
MEETING EVENT: Nodes n1  -  n0
CONTACT DURATION IS: n1  n0 = 3.0
Exemplar table at: n1

Id :  X_ID:   cF:     wf:   T  cFreq cDur
n0    n0     1.0     1.0    0   2     6.0
n2    n2     0.0     1.0    0   1     1.0



Exemplar table at: n0

Id :  X_ID:   cF:     wf:   T  cFreq cDur
n1    n1     1.0     1.0    0   2     6.0
n2    n2     0.0     1.0    0   1     20.0



---------------------------END: MEETING EVENT ---------------------------

------------START CONNECTION UP: -----------------
MEETING NODES: n2 n0 simTime: 44.0
------------END CONNECTION UP: -----------------
------------START CONNECTION UP: -----------------
MEETING NODES: n1 r3 simTime: 45.0
------------END CONNECTION UP: -----------------
------------START CONNECTION UP: -----------------
MEETING NODES: n0 r4 simTime: 45.0
------------END CONNECTION UP: -----------------
-------------------------START: MEETING EVENT ------------------------

SimTime: 47.0 SlotTime: 100.0
MEETING EVENT: Nodes n2  -  n0
CONTACT DURATION IS: n2  n0 = 3.0
Exemplar table at: n2

Id :  X_ID:   cF:     wf:   T  cFreq cDur
n1    n1     0.0     1.0    0   1     22.0
n0    n0     1.0     1.0    0   2     4.0



Exemplar table at: n0

Id :  X_ID:   cF:     wf:   T  cFreq cDur
n1    n1     1.0     1.0    0   2     6.0
n2    n2     1.0     1.0    0   2     22.0



---------------------------END: MEETING EVENT ---------------------------

-------------------------START: MEETING EVENT ------------------------

SimTime: 47.0 SlotTime: 100.0
MEETING EVENT: Nodes n2  -  r4
Meeting with Responder : Initiator n2    2
---------------------------END: MEETING EVENT ---------------------------

-------------------------START: MEETING EVENT ------------------------

SimTime: 49.0 SlotTime: 100.0
MEETING EVENT: Nodes n1  -  r3
Meeting with Responder : Initiator n1    3
---------------------------END: MEETING EVENT ---------------------------

-------------------------START: MEETING EVENT ------------------------

SimTime: 50.0 SlotTime: 100.0
MEETING EVENT: Nodes n0  -  r4
Meeting with Responder : Initiator n0    3
---------------------------END: MEETING EVENT ---------------------------

------------START CONNECTION UP: -----------------
MEETING NODES: n0 r3 simTime: 52.0
------------END CONNECTION UP: -----------------
------------START CONNECTION UP: -----------------
MEETING NODES: n1 n0 simTime: 54.0
------------END CONNECTION UP: -----------------
-------------------------START: MEETING EVENT ------------------------

SimTime: 55.0 SlotTime: 100.0
MEETING EVENT: Nodes n0  -  r3
Meeting with Responder : Initiator n0    4
---------------------------END: MEETING EVENT ---------------------------

------------START CONNECTION UP: -----------------
MEETING NODES: n2 r4 simTime: 57.0
------------END CONNECTION UP: -----------------
-------------------------START: MEETING EVENT ------------------------

SimTime: 58.0 SlotTime: 100.0
MEETING EVENT: Nodes n1  -  n0
CONTACT DURATION IS: n1  n0 = 4.0
Exemplar table at: n1

Id :  X_ID:   cF:     wf:   T  cFreq cDur
n0    n0     1.0     1.0    0   3     10.0
n2    n2     0.0     1.0    0   1     1.0



Exemplar table at: n0

Id :  X_ID:   cF:     wf:   T  cFreq cDur
n1    n1     1.0     1.0    0   3     10.0
n2    n2     1.0     1.0    0   2     22.0



---------------------------END: MEETING EVENT ---------------------------

------------START CONNECTION UP: -----------------
MEETING NODES: r3 r4 simTime: 59.0
------------END CONNECTION UP: -----------------
------------START CONNECTION UP: -----------------
MEETING NODES: n2 r3 simTime: 60.0
------------END CONNECTION UP: -----------------
------------START CONNECTION UP: -----------------
MEETING NODES: r3 n1 simTime: 61.0
------------END CONNECTION UP: -----------------
-------------------------START: MEETING EVENT ------------------------

SimTime: 62.0 SlotTime: 100.0
MEETING EVENT: Nodes r3  -  r4
---------------------------END: MEETING EVENT ---------------------------

-------------------------START: MEETING EVENT ------------------------

SimTime: 63.0 SlotTime: 100.0
MEETING EVENT: Nodes n2  -  r3
Meeting with Responder : Initiator n2    3
---------------------------END: MEETING EVENT ---------------------------

------------START CONNECTION UP: -----------------
MEETING NODES: n0 n1 simTime: 72.0
------------END CONNECTION UP: -----------------
-------------------------START: MEETING EVENT ------------------------

SimTime: 75.0 SlotTime: 100.0
MEETING EVENT: Nodes r3  -  n1
Meeting with Responder : Other Node n1    0
---------------------------END: MEETING EVENT ---------------------------

------------START CONNECTION UP: -----------------
MEETING NODES: r4 n1 simTime: 77.0
------------END CONNECTION UP: -----------------
------------START CONNECTION UP: -----------------
MEETING NODES: n1 n2 simTime: 78.0
------------END CONNECTION UP: -----------------
------------START CONNECTION UP: -----------------
MEETING NODES: n0 n2 simTime: 78.0
------------END CONNECTION UP: -----------------
------------START CONNECTION UP: -----------------
MEETING NODES: n0 r4 simTime: 78.0
------------END CONNECTION UP: -----------------
-------------------------START: MEETING EVENT ------------------------

SimTime: 80.0 SlotTime: 100.0
MEETING EVENT: Nodes n0  -  r4
Meeting with Responder : Initiator n0    5
---------------------------END: MEETING EVENT ---------------------------

-------------------------START: MEETING EVENT ------------------------

SimTime: 81.0 SlotTime: 100.0
MEETING EVENT: Nodes r4  -  n1
Meeting with Responder : Other Node n1    0
---------------------------END: MEETING EVENT ---------------------------

-------------------------START: MEETING EVENT ------------------------

SimTime: 81.0 SlotTime: 100.0
MEETING EVENT: Nodes n2  -  r4
Meeting with Responder : Initiator n2    4
---------------------------END: MEETING EVENT ---------------------------

-------------------------START: MEETING EVENT ------------------------

SimTime: 82.0 SlotTime: 100.0
MEETING EVENT: Nodes n0  -  n2
CONTACT DURATION IS: n0  n2 = 4.0
Exemplar table at: n0

Id :  X_ID:   cF:     wf:   T  cFreq cDur
n1    n1     1.0     1.0    0   3     10.0
n2    n2     1.0     1.0    0   3     26.0



Exemplar table at: n2

Id :  X_ID:   cF:     wf:   T  cFreq cDur
n1    n1     0.0     1.0    0   1     22.0
n0    n0     1.0     1.0    0   3     8.0



---------------------------END: MEETING EVENT ---------------------------

-------------------------START: MEETING EVENT ------------------------

SimTime: 82.0 SlotTime: 100.0
MEETING EVENT: Nodes n1  -  n2
CONTACT DURATION IS: n1  n2 = 4.0
Exemplar table at: n1

Id :  X_ID:   cF:     wf:   T  cFreq cDur
n0    n0     1.0     1.0    0   3     10.0
n2    n2     1.0     1.0    0   2     5.0



Exemplar table at: n2

Id :  X_ID:   cF:     wf:   T  cFreq cDur
n1    n1     1.0     1.0    0   2     100.0
n0    n0     1.0     1.0    0   3     8.0



---------------------------END: MEETING EVENT ---------------------------

------------START CONNECTION UP: -----------------
MEETING NODES: n0 r3 simTime: 83.0
------------END CONNECTION UP: -----------------
-------------------------START: MEETING EVENT ------------------------

SimTime: 84.0 SlotTime: 100.0
MEETING EVENT: Nodes n0  -  n1
CONTACT DURATION IS: n0  n1 = 1.0
Exemplar table at: n0

Id :  X_ID:   cF:     wf:   T  cFreq cDur
n1    n1     1.0     1.0    0   4     11.0
n2    n2     1.0     1.0    0   3     26.0



Exemplar table at: n1

Id :  X_ID:   cF:     wf:   T  cFreq cDur
n0    n0     1.0     1.0    0   4     90.0
n2    n2     1.0     1.0    0   2     5.0



---------------------------END: MEETING EVENT ---------------------------

-------------------------START: MEETING EVENT ------------------------

SimTime: 86.0 SlotTime: 100.0
MEETING EVENT: Nodes n0  -  r3
Meeting with Responder : Initiator n0    6
---------------------------END: MEETING EVENT ---------------------------

------------START CONNECTION UP: -----------------
MEETING NODES: n1 r4 simTime: 90.0
------------END CONNECTION UP: -----------------
-------------------------START: MEETING EVENT ------------------------

SimTime: 93.0 SlotTime: 100.0
MEETING EVENT: Nodes n1  -  r4
Meeting with Responder : Initiator n1    6
---------------------------END: MEETING EVENT ---------------------------

------------START CONNECTION UP: -----------------
MEETING NODES: r4 r3 simTime: 93.0
------------END CONNECTION UP: -----------------
-------------------------START: MEETING EVENT ------------------------

SimTime: 96.0 SlotTime: 100.0
MEETING EVENT: Nodes r4  -  r3
---------------------------END: MEETING EVENT ---------------------------

------------START CONNECTION UP: -----------------
MEETING NODES: r3 n1 simTime: 96.0
------------END CONNECTION UP: -----------------
-------------------------START: MEETING EVENT ------------------------

SimTime: 98.0 SlotTime: 100.0
MEETING EVENT: Nodes r3  -  n1
Meeting with Responder : Other Node n1    0
---------------------------END: MEETING EVENT ---------------------------

------------START CONNECTION UP: -----------------
MEETING NODES: r4 n2 simTime: 98.0
------------END CONNECTION UP: -----------------
0.1 100: 1923.08 1/s
Simulation done in 0.05s
---
All done in 0.76s
